This file contains any messages produced by compilers while
running configure, to aid debugging if configure makes a mistake.

It was created by MPFR configure 3.1.4, which was
generated by GNU Autoconf 2.71.  Invocation command line was

  $ ./configure

## --------- ##
## Platform. ##
## --------- ##

hostname = raspberrypi
uname -m = armv7l
uname -r = 5.10.63-v7l+
uname -s = Linux
uname -v = #1459 SMP Wed Oct 6 16:41:57 BST 2021

/usr/bin/uname -p = unknown
/bin/uname -X     = unknown

/bin/arch              = armv7l
/usr/bin/arch -k       = unknown
/usr/convex/getsysinfo = unknown
/usr/bin/hostinfo      = unknown
/bin/machine           = unknown
/usr/bin/oslevel       = unknown
/bin/universe          = unknown

PATH: /usr/local/sbin/
PATH: /usr/local/bin/
PATH: /usr/sbin/
PATH: /usr/bin/
PATH: /sbin/
PATH: /bin/


## ----------- ##
## Core tests. ##
## ----------- ##

configure:2826: looking for aux files: ltmain.sh ar-lib compile config.guess config.sub missing install-sh
configure:2839:  trying ./
configure:2868:   ./ltmain.sh found
configure:2868:   ./ar-lib found
configure:2868:   ./compile found
configure:2868:   ./config.guess found
configure:2868:   ./config.sub found
configure:2868:   ./missing found
configure:2850:   ./install-sh found
configure:2998: checking for a BSD-compatible install
configure:3071: result: /usr/bin/install -c
configure:3082: checking whether build environment is sane
configure:3137: result: yes
configure:3301: checking for a race-free mkdir -p
configure:3345: result: /usr/bin/mkdir -p
configure:3352: checking for gawk
configure:3373: found /usr/bin/gawk
configure:3384: result: gawk
configure:3395: checking whether make sets $(MAKE)
configure:3418: result: yes
configure:3448: checking whether make supports nested variables
configure:3466: result: yes
configure:3584: checking whether to enable maintainer-specific portions of Makefiles
configure:3594: result: yes
configure:3624: checking build system type
configure:3639: result: armv7l-unknown-linux-gnueabihf
configure:3659: checking host system type
configure:3673: result: armv7l-unknown-linux-gnueabihf
configure:3694: checking for grep that handles long lines and -e
configure:3758: result: /usr/bin/grep
configure:3763: checking for egrep
configure:3831: result: /usr/bin/grep -E
configure:3836: checking for a sed that does not truncate output
configure:3906: result: /usr/bin/sed
configure:4156: checking for CC and CFLAGS in gmp.h
configure:4192: result: yes CC= CFLAGS=
configure:4278: checking for gcc
configure:4299: found /usr/bin/gcc
configure:4310: result: gcc
configure:4663: checking for C compiler version
configure:4672: gcc --version >&5
gcc (Raspbian 10.2.1-6+rpi1) 10.2.1 20210110
Copyright (C) 2020 Free Software Foundation, Inc.
This is free software; see the source for copying conditions.  There is NO
warranty; not even for MERCHANTABILITY or FITNESS FOR A PARTICULAR PURPOSE.

configure:4683: $? = 0
configure:4672: gcc -v >&5
Using built-in specs.
COLLECT_GCC=gcc
COLLECT_LTO_WRAPPER=/usr/lib/gcc/arm-linux-gnueabihf/10/lto-wrapper
Target: arm-linux-gnueabihf
Configured with: ../src/configure -v --with-pkgversion='Raspbian 10.2.1-6+rpi1' --with-bugurl=file:///usr/share/doc/gcc-10/README.Bugs --enable-languages=c,ada,c++,go,d,fortran,objc,obj-c++,m2 --prefix=/usr --with-gcc-major-version-only --program-suffix=-10 --program-prefix=arm-linux-gnueabihf- --enable-shared --enable-linker-build-id --libexecdir=/usr/lib --without-included-gettext --enable-threads=posix --libdir=/usr/lib --enable-nls --enable-bootstrap --enable-clocale=gnu --enable-libstdcxx-debug --enable-libstdcxx-time=yes --with-default-libstdcxx-abi=new --enable-gnu-unique-object --disable-libitm --disable-libquadmath --disable-libquadmath-support --enable-plugin --with-system-zlib --enable-libphobos-checking=release --with-target-system-zlib=auto --enable-objc-gc=auto --enable-multiarch --disable-sjlj-exceptions --with-arch=armv6 --with-fpu=vfp --with-float=hard --disable-werror --enable-checking=release --build=arm-linux-gnueabihf --host=arm-linux-gnueabihf --target=arm-linux-gnueabihf
Thread model: posix
Supported LTO compression algorithms: zlib zstd
gcc version 10.2.1 20210110 (Raspbian 10.2.1-6+rpi1) 
configure:4683: $? = 0
configure:4672: gcc -V >&5
gcc: error: unrecognized command-line option '-V'
gcc: fatal error: no input files
compilation terminated.
configure:4683: $? = 1
configure:4672: gcc -qversion >&5
gcc: error: unrecognized command-line option '-qversion'; did you mean '--version'?
gcc: fatal error: no input files
compilation terminated.
configure:4683: $? = 1
configure:4672: gcc -version >&5
gcc: error: unrecognized command-line option '-version'
gcc: fatal error: no input files
compilation terminated.
configure:4683: $? = 1
configure:4703: checking whether the C compiler works
configure:4725: gcc    conftest.c  >&5
configure:4729: $? = 0
configure:4779: result: yes
configure:4782: checking for C compiler default output file name
configure:4784: result: a.out
configure:4790: checking for suffix of executables
configure:4797: gcc -o conftest    conftest.c  >&5
configure:4801: $? = 0
configure:4824: result: 
configure:4846: checking whether we are cross compiling
configure:4854: gcc -o conftest    conftest.c  >&5
configure:4858: $? = 0
configure:4865: ./conftest
configure:4869: $? = 0
configure:4884: result: no
configure:4889: checking for suffix of object files
configure:4912: gcc -c   conftest.c >&5
configure:4916: $? = 0
configure:4938: result: o
configure:4942: checking whether the compiler supports GNU C
configure:4962: gcc -c   conftest.c >&5
configure:4962: $? = 0
configure:4972: result: yes
configure:4983: checking whether gcc accepts -g
configure:5004: gcc -c -g  conftest.c >&5
configure:5004: $? = 0
configure:5048: result: yes
configure:5068: checking for gcc option to enable C11 features
configure:5083: gcc  -c -g -O2  conftest.c >&5
configure:5083: $? = 0
configure:5101: result: none needed
configure:5217: checking whether gcc understands -c and -o together
configure:5240: gcc -c conftest.c -o conftest2.o
configure:5243: $? = 0
configure:5240: gcc -c conftest.c -o conftest2.o
configure:5243: $? = 0
configure:5255: result: yes
configure:5283: checking for style of include used by make
configure:5311: result: GNU
configure:5338: checking dependency style of gcc
configure:5450: result: gcc3
configure:5470: checking how to run the C preprocessor
configure:5496: gcc -E  conftest.c
configure:5496: $? = 0
configure:5511: gcc -E  conftest.c
conftest.c:9:10: fatal error: ac_nonexistent.h: No such file or directory
    9 | #include <ac_nonexistent.h>
      |          ^~~~~~~~~~~~~~~~~~
compilation terminated.
configure:5511: $? = 1
configure: failed program was:
| /* confdefs.h */
| #define PACKAGE_NAME "MPFR"
| #define PACKAGE_TARNAME "mpfr"
| #define PACKAGE_VERSION "3.1.4"
| #define PACKAGE_STRING "MPFR 3.1.4"
| #define PACKAGE_BUGREPORT ""
| #define PACKAGE_URL ""
| /* end confdefs.h.  */
| #include <ac_nonexistent.h>
configure:5538: result: gcc -E
configure:5552: gcc -E  conftest.c
configure:5552: $? = 0
configure:5567: gcc -E  conftest.c
conftest.c:9:10: fatal error: ac_nonexistent.h: No such file or directory
    9 | #include <ac_nonexistent.h>
      |          ^~~~~~~~~~~~~~~~~~
compilation terminated.
configure:5567: $? = 1
configure: failed program was:
| /* confdefs.h */
| #define PACKAGE_NAME "MPFR"
| #define PACKAGE_TARNAME "mpfr"
| #define PACKAGE_VERSION "3.1.4"
| #define PACKAGE_STRING "MPFR 3.1.4"
| #define PACKAGE_BUGREPORT ""
| #define PACKAGE_URL ""
| /* end confdefs.h.  */
| #include <ac_nonexistent.h>
configure:5660: checking for ar
configure:5681: found /usr/bin/ar
configure:5692: result: ar
configure:5718: checking the archiver (ar) interface
configure:5735: gcc -c -g -O2  conftest.c >&5
configure:5735: $? = 0
configure:5738: ar cru libconftest.a conftest.o >&5
ar: `u' modifier ignored since `D' is the default (see `U')
configure:5741: $? = 0
configure:5769: result: ar
configure:5912: checking for ICC
configure:5930: gcc -c -g -O2  conftest.c >&5
conftest.c:11:3: error: #error "ICC Not Found"
   11 | # error "ICC Not Found"
      |   ^~~~~
conftest.c:12:6: error: expected ';' before 'int'
   12 | error
      |      ^
      |      ;
......
   15 | int
      | ~~~   
configure:5930: $? = 1
configure: failed program was:
| /* confdefs.h */
| #define PACKAGE_NAME "MPFR"
| #define PACKAGE_TARNAME "mpfr"
| #define PACKAGE_VERSION "3.1.4"
| #define PACKAGE_STRING "MPFR 3.1.4"
| #define PACKAGE_BUGREPORT ""
| #define PACKAGE_URL ""
| /* end confdefs.h.  */
| 
| #if !defined(__ICC)
| # error "ICC Not Found"
| error
| #endif
| 
| int
| main (void)
| {
| 
|   ;
|   return 0;
| }
configure:5938: result: no
configure:5945: checking whether the selected language is C++
configure:5963: gcc -c -Wpointer-arith -g -O2  conftest.c >&5
configure:5963: $? = 0
configure:5966: result: no
configure:6018: checking for an ANSI C-conforming const
configure:6085: gcc -c -Wall -Wmissing-prototypes -Wpointer-arith -g -O2  conftest.c >&5
configure:6085: $? = 0
configure:6093: result: yes
configure:6101: checking for working volatile
configure:6121: gcc -c -Wall -Wmissing-prototypes -Wpointer-arith -g -O2  conftest.c >&5
configure:6121: $? = 0
configure:6129: result: yes
configure:6304: checking for main in -lm
configure:6324: gcc -o conftest -Wall -Wmissing-prototypes -Wpointer-arith -g -O2   conftest.c -lm   >&5
configure:6324: $? = 0
configure:6334: result: yes
configure:6348: checking for stdio.h
configure:6348: gcc -c -Wall -Wmissing-prototypes -Wpointer-arith -g -O2  conftest.c >&5
configure:6348: $? = 0
configure:6348: result: yes
configure:6348: checking for stdlib.h
configure:6348: gcc -c -Wall -Wmissing-prototypes -Wpointer-arith -g -O2  conftest.c >&5
configure:6348: $? = 0
configure:6348: result: yes
configure:6348: checking for string.h
configure:6348: gcc -c -Wall -Wmissing-prototypes -Wpointer-arith -g -O2  conftest.c >&5
configure:6348: $? = 0
configure:6348: result: yes
configure:6348: checking for inttypes.h
configure:6348: gcc -c -Wall -Wmissing-prototypes -Wpointer-arith -g -O2  conftest.c >&5
configure:6348: $? = 0
configure:6348: result: yes
configure:6348: checking for stdint.h
configure:6348: gcc -c -Wall -Wmissing-prototypes -Wpointer-arith -g -O2  conftest.c >&5
configure:6348: $? = 0
configure:6348: result: yes
configure:6348: checking for strings.h
configure:6348: gcc -c -Wall -Wmissing-prototypes -Wpointer-arith -g -O2  conftest.c >&5
configure:6348: $? = 0
configure:6348: result: yes
configure:6348: checking for sys/stat.h
configure:6348: gcc -c -Wall -Wmissing-prototypes -Wpointer-arith -g -O2  conftest.c >&5
configure:6348: $? = 0
configure:6348: result: yes
configure:6348: checking for sys/types.h
configure:6348: gcc -c -Wall -Wmissing-prototypes -Wpointer-arith -g -O2  conftest.c >&5
configure:6348: $? = 0
configure:6348: result: yes
configure:6348: checking for unistd.h
configure:6348: gcc -c -Wall -Wmissing-prototypes -Wpointer-arith -g -O2  conftest.c >&5
configure:6348: $? = 0
configure:6348: result: yes
configure:6348: checking for sys/time.h
configure:6348: gcc -c -Wall -Wmissing-prototypes -Wpointer-arith -g -O2  conftest.c >&5
configure:6348: $? = 0
configure:6348: result: yes
configure:6383: checking for size_t
configure:6383: gcc -c -Wall -Wmissing-prototypes -Wpointer-arith -g -O2  conftest.c >&5
configure:6383: $? = 0
configure:6383: gcc -c -Wall -Wmissing-prototypes -Wpointer-arith -g -O2  conftest.c >&5
conftest.c: In function 'main':
conftest.c:52:21: error: expected expression before ')' token
   52 | if (sizeof ((size_t)))
      |                     ^
configure:6383: $? = 1
configure: failed program was:
| /* confdefs.h */
| #define PACKAGE_NAME "MPFR"
| #define PACKAGE_TARNAME "mpfr"
| #define PACKAGE_VERSION "3.1.4"
| #define PACKAGE_STRING "MPFR 3.1.4"
| #define PACKAGE_BUGREPORT ""
| #define PACKAGE_URL ""
| #define HAVE_STDIO_H 1
| #define HAVE_STDLIB_H 1
| #define HAVE_STRING_H 1
| #define HAVE_INTTYPES_H 1
| #define HAVE_STDINT_H 1
| #define HAVE_STRINGS_H 1
| #define HAVE_SYS_STAT_H 1
| #define HAVE_SYS_TYPES_H 1
| #define HAVE_UNISTD_H 1
| #define HAVE_SYS_TIME_H 1
| #define STDC_HEADERS 1
| #define TIME_WITH_SYS_TIME 1
| /* end confdefs.h.  */
| #include <stddef.h>
| #ifdef HAVE_STDIO_H
| # include <stdio.h>
| #endif
| #ifdef HAVE_STDLIB_H
| # include <stdlib.h>
| #endif
| #ifdef HAVE_STRING_H
| # include <string.h>
| #endif
| #ifdef HAVE_INTTYPES_H
| # include <inttypes.h>
| #endif
| #ifdef HAVE_STDINT_H
| # include <stdint.h>
| #endif
| #ifdef HAVE_STRINGS_H
| # include <strings.h>
| #endif
| #ifdef HAVE_SYS_TYPES_H
| # include <sys/types.h>
| #endif
| #ifdef HAVE_SYS_STAT_H
| # include <sys/stat.h>
| #endif
| #ifdef HAVE_UNISTD_H
| # include <unistd.h>
| #endif
| int
| main (void)
| {
| if (sizeof ((size_t)))
| 	    return 0;
|   ;
|   return 0;
| }
configure:6383: result: yes
configure:6400: checking for limits.h
configure:6400: gcc -c -Wall -Wmissing-prototypes -Wpointer-arith -g -O2  conftest.c >&5
configure:6400: $? = 0
configure:6400: result: yes
configure:6408: checking for float.h
configure:6408: gcc -c -Wall -Wmissing-prototypes -Wpointer-arith -g -O2  conftest.c >&5
configure:6408: $? = 0
configure:6408: result: yes
configure:6416: checking for string.h
configure:6416: result: yes
configure:6425: checking for locale.h
configure:6425: gcc -c -Wall -Wmissing-prototypes -Wpointer-arith -g -O2  conftest.c >&5
configure:6425: $? = 0
configure:6425: result: yes
configure:6433: checking for wchar.h
configure:6433: gcc -c -Wall -Wmissing-prototypes -Wpointer-arith -g -O2  conftest.c >&5
configure:6433: $? = 0
configure:6433: result: yes
configure:6441: checking for stdarg.h
configure:6441: gcc -c -Wall -Wmissing-prototypes -Wpointer-arith -g -O2  conftest.c >&5
configure:6441: $? = 0
configure:6441: result: yes
configure:6459: checking for sys/time.h
configure:6459: result: yes
configure:6465: checking for sys/fpu.h
configure:6465: gcc -c -Wall -Wmissing-prototypes -Wpointer-arith -g -O2  conftest.c >&5
conftest.c:53:10: fatal error: sys/fpu.h: No such file or directory
   53 | #include <sys/fpu.h>
      |          ^~~~~~~~~~~
compilation terminated.
configure:6465: $? = 1
configure: failed program was:
| /* confdefs.h */
| #define PACKAGE_NAME "MPFR"
| #define PACKAGE_TARNAME "mpfr"
| #define PACKAGE_VERSION "3.1.4"
| #define PACKAGE_STRING "MPFR 3.1.4"
| #define PACKAGE_BUGREPORT ""
| #define PACKAGE_URL ""
| #define HAVE_STDIO_H 1
| #define HAVE_STDLIB_H 1
| #define HAVE_STRING_H 1
| #define HAVE_INTTYPES_H 1
| #define HAVE_STDINT_H 1
| #define HAVE_STRINGS_H 1
| #define HAVE_SYS_STAT_H 1
| #define HAVE_SYS_TYPES_H 1
| #define HAVE_UNISTD_H 1
| #define HAVE_SYS_TIME_H 1
| #define STDC_HEADERS 1
| #define TIME_WITH_SYS_TIME 1
| #define HAVE_LOCALE_H 1
| #define HAVE_WCHAR_H 1
| #define HAVE_STDARG 1
| #define HAVE_SYS_TIME_H 1
| /* end confdefs.h.  */
| #include <stddef.h>
| #ifdef HAVE_STDIO_H
| # include <stdio.h>
| #endif
| #ifdef HAVE_STDLIB_H
| # include <stdlib.h>
| #endif
| #ifdef HAVE_STRING_H
| # include <string.h>
| #endif
| #ifdef HAVE_INTTYPES_H
| # include <inttypes.h>
| #endif
| #ifdef HAVE_STDINT_H
| # include <stdint.h>
| #endif
| #ifdef HAVE_STRINGS_H
| # include <strings.h>
| #endif
| #ifdef HAVE_SYS_TYPES_H
| # include <sys/types.h>
| #endif
| #ifdef HAVE_SYS_STAT_H
| # include <sys/stat.h>
| #endif
| #ifdef HAVE_UNISTD_H
| # include <unistd.h>
| #endif
| #include <sys/fpu.h>
configure:6465: result: no
configure:6473: checking for struct lconv.decimal_point
configure:6473: gcc -c -Wall -Wmissing-prototypes -Wpointer-arith -g -O2  conftest.c >&5
configure:6473: $? = 0
configure:6473: result: yes
configure:6482: checking for struct lconv.thousands_sep
configure:6482: gcc -c -Wall -Wmissing-prototypes -Wpointer-arith -g -O2  conftest.c >&5
configure:6482: $? = 0
configure:6482: result: yes
configure:6495: checking for working alloca.h
configure:6513: gcc -o conftest -Wall -Wmissing-prototypes -Wpointer-arith -g -O2   conftest.c  >&5
configure:6513: $? = 0
configure:6522: result: yes
configure:6530: checking for alloca
configure:6575: result: yes
configure:6644: checking for stdint.h
configure:6644: result: yes
configure:6651: checking for SIZE_MAX
configure:6731: result: yes
configure:6740: checking how to copy va_list
configure:6758: gcc -o conftest -Wall -Wmissing-prototypes -Wpointer-arith -g -O2   conftest.c  >&5
configure:6758: $? = 0
configure:6761: result: va_copy
configure:6798: checking for memmove
configure:6798: gcc -o conftest -Wall -Wmissing-prototypes -Wpointer-arith -g -O2   conftest.c  >&5
conftest.c:47:6: warning: conflicting types for built-in function 'memmove'; expected 'void *(void *, const void *, unsigned int)' [-Wbuiltin-declaration-mismatch]
   47 | char memmove ();
      |      ^~~~~~~
conftest.c:39:1: note: 'memmove' is declared in header '<string.h>'
   38 | #include <limits.h>
   39 | #undef memmove
configure:6798: $? = 0
configure:6798: result: yes
configure:6804: checking for memset
configure:6804: gcc -o conftest -Wall -Wmissing-prototypes -Wpointer-arith -g -O2   conftest.c  >&5
conftest.c:48:6: warning: conflicting types for built-in function 'memset'; expected 'void *(void *, int,  unsigned int)' [-Wbuiltin-declaration-mismatch]
   48 | char memset ();
      |      ^~~~~~
conftest.c:40:1: note: 'memset' is declared in header '<string.h>'
   39 | #include <limits.h>
   40 | #undef memset
configure:6804: $? = 0
configure:6804: result: yes
configure:6810: checking for setlocale
configure:6810: gcc -o conftest -Wall -Wmissing-prototypes -Wpointer-arith -g -O2   conftest.c  >&5
configure:6810: $? = 0
configure:6810: result: yes
configure:6816: checking for strtol
configure:6816: gcc -o conftest -Wall -Wmissing-prototypes -Wpointer-arith -g -O2   conftest.c  >&5
configure:6816: $? = 0
configure:6816: result: yes
configure:6822: checking for gettimeofday
configure:6822: gcc -o conftest -Wall -Wmissing-prototypes -Wpointer-arith -g -O2   conftest.c  >&5
configure:6822: $? = 0
configure:6822: result: yes
configure:6875: checking for long long int
configure:6875: gcc -c -Wall -Wmissing-prototypes -Wpointer-arith -g -O2  conftest.c >&5
configure:6875: $? = 0
configure:6875: gcc -c -Wall -Wmissing-prototypes -Wpointer-arith -g -O2  conftest.c >&5
conftest.c: In function 'main':
conftest.c:67:28: error: expected expression before ')' token
   67 | if (sizeof ((long long int)))
      |                            ^
configure:6875: $? = 1
configure: failed program was:
| /* confdefs.h */
| #define PACKAGE_NAME "MPFR"
| #define PACKAGE_TARNAME "mpfr"
| #define PACKAGE_VERSION "3.1.4"
| #define PACKAGE_STRING "MPFR 3.1.4"
| #define PACKAGE_BUGREPORT ""
| #define PACKAGE_URL ""
| #define HAVE_STDIO_H 1
| #define HAVE_STDLIB_H 1
| #define HAVE_STRING_H 1
| #define HAVE_INTTYPES_H 1
| #define HAVE_STDINT_H 1
| #define HAVE_STRINGS_H 1
| #define HAVE_SYS_STAT_H 1
| #define HAVE_SYS_TYPES_H 1
| #define HAVE_UNISTD_H 1
| #define HAVE_SYS_TIME_H 1
| #define STDC_HEADERS 1
| #define TIME_WITH_SYS_TIME 1
| #define HAVE_LOCALE_H 1
| #define HAVE_WCHAR_H 1
| #define HAVE_STDARG 1
| #define HAVE_SYS_TIME_H 1
| #define HAVE_STRUCT_LCONV_DECIMAL_POINT 1
| #define HAVE_STRUCT_LCONV_THOUSANDS_SEP 1
| #define HAVE_ALLOCA_H 1
| #define HAVE_ALLOCA 1
| #define HAVE_STDINT_H 1
| #define HAVE_VA_COPY 1
| #define HAVE_MEMMOVE 1
| #define HAVE_MEMSET 1
| #define HAVE_SETLOCALE 1
| #define HAVE_STRTOL 1
| #define HAVE_GETTIMEOFDAY 1
| /* end confdefs.h.  */
| #include <stddef.h>
| #ifdef HAVE_STDIO_H
| # include <stdio.h>
| #endif
| #ifdef HAVE_STDLIB_H
| # include <stdlib.h>
| #endif
| #ifdef HAVE_STRING_H
| # include <string.h>
| #endif
| #ifdef HAVE_INTTYPES_H
| # include <inttypes.h>
| #endif
| #ifdef HAVE_STDINT_H
| # include <stdint.h>
| #endif
| #ifdef HAVE_STRINGS_H
| # include <strings.h>
| #endif
| #ifdef HAVE_SYS_TYPES_H
| # include <sys/types.h>
| #endif
| #ifdef HAVE_SYS_STAT_H
| # include <sys/stat.h>
| #endif
| #ifdef HAVE_UNISTD_H
| # include <unistd.h>
| #endif
| int
| main (void)
| {
| if (sizeof ((long long int)))
| 	    return 0;
|   ;
|   return 0;
| }
configure:6875: result: yes
configure:6884: checking for intmax_t
configure:6884: gcc -c -Wall -Wmissing-prototypes -Wpointer-arith -g -O2  conftest.c >&5
configure:6884: $? = 0
configure:6884: gcc -c -Wall -Wmissing-prototypes -Wpointer-arith -g -O2  conftest.c >&5
conftest.c: In function 'main':
conftest.c:68:23: error: expected expression before ')' token
   68 | if (sizeof ((intmax_t)))
      |                       ^
configure:6884: $? = 1
configure: failed program was:
| /* confdefs.h */
| #define PACKAGE_NAME "MPFR"
| #define PACKAGE_TARNAME "mpfr"
| #define PACKAGE_VERSION "3.1.4"
| #define PACKAGE_STRING "MPFR 3.1.4"
| #define PACKAGE_BUGREPORT ""
| #define PACKAGE_URL ""
| #define HAVE_STDIO_H 1
| #define HAVE_STDLIB_H 1
| #define HAVE_STRING_H 1
| #define HAVE_INTTYPES_H 1
| #define HAVE_STDINT_H 1
| #define HAVE_STRINGS_H 1
| #define HAVE_SYS_STAT_H 1
| #define HAVE_SYS_TYPES_H 1
| #define HAVE_UNISTD_H 1
| #define HAVE_SYS_TIME_H 1
| #define STDC_HEADERS 1
| #define TIME_WITH_SYS_TIME 1
| #define HAVE_LOCALE_H 1
| #define HAVE_WCHAR_H 1
| #define HAVE_STDARG 1
| #define HAVE_SYS_TIME_H 1
| #define HAVE_STRUCT_LCONV_DECIMAL_POINT 1
| #define HAVE_STRUCT_LCONV_THOUSANDS_SEP 1
| #define HAVE_ALLOCA_H 1
| #define HAVE_ALLOCA 1
| #define HAVE_STDINT_H 1
| #define HAVE_VA_COPY 1
| #define HAVE_MEMMOVE 1
| #define HAVE_MEMSET 1
| #define HAVE_SETLOCALE 1
| #define HAVE_STRTOL 1
| #define HAVE_GETTIMEOFDAY 1
| #define HAVE_LONG_LONG 1
| /* end confdefs.h.  */
| #include <stddef.h>
| #ifdef HAVE_STDIO_H
| # include <stdio.h>
| #endif
| #ifdef HAVE_STDLIB_H
| # include <stdlib.h>
| #endif
| #ifdef HAVE_STRING_H
| # include <string.h>
| #endif
| #ifdef HAVE_INTTYPES_H
| # include <inttypes.h>
| #endif
| #ifdef HAVE_STDINT_H
| # include <stdint.h>
| #endif
| #ifdef HAVE_STRINGS_H
| # include <strings.h>
| #endif
| #ifdef HAVE_SYS_TYPES_H
| # include <sys/types.h>
| #endif
| #ifdef HAVE_SYS_STAT_H
| # include <sys/stat.h>
| #endif
| #ifdef HAVE_UNISTD_H
| # include <unistd.h>
| #endif
| int
| main (void)
| {
| if (sizeof ((intmax_t)))
| 	    return 0;
|   ;
|   return 0;
| }
configure:6884: result: yes
configure:6894: checking for working INTMAX_MAX
configure:6915: gcc -c -Wall -Wmissing-prototypes -Wpointer-arith -g -O2  -I./src conftest.c >&5
configure:6915: $? = 0
configure:6925: result: yes
configure:6934: checking for union fpc_csr
configure:6934: gcc -c -Wall -Wmissing-prototypes -Wpointer-arith -g -O2  conftest.c >&5
conftest.c: In function 'main':
conftest.c:48:13: error: invalid application of 'sizeof' to incomplete type 'union fpc_csr'
   48 | if (sizeof (union fpc_csr))
      |             ^~~~~
configure:6934: $? = 1
configure: failed program was:
| /* confdefs.h */
| #define PACKAGE_NAME "MPFR"
| #define PACKAGE_TARNAME "mpfr"
| #define PACKAGE_VERSION "3.1.4"
| #define PACKAGE_STRING "MPFR 3.1.4"
| #define PACKAGE_BUGREPORT ""
| #define PACKAGE_URL ""
| #define HAVE_STDIO_H 1
| #define HAVE_STDLIB_H 1
| #define HAVE_STRING_H 1
| #define HAVE_INTTYPES_H 1
| #define HAVE_STDINT_H 1
| #define HAVE_STRINGS_H 1
| #define HAVE_SYS_STAT_H 1
| #define HAVE_SYS_TYPES_H 1
| #define HAVE_UNISTD_H 1
| #define HAVE_SYS_TIME_H 1
| #define STDC_HEADERS 1
| #define TIME_WITH_SYS_TIME 1
| #define HAVE_LOCALE_H 1
| #define HAVE_WCHAR_H 1
| #define HAVE_STDARG 1
| #define HAVE_SYS_TIME_H 1
| #define HAVE_STRUCT_LCONV_DECIMAL_POINT 1
| #define HAVE_STRUCT_LCONV_THOUSANDS_SEP 1
| #define HAVE_ALLOCA_H 1
| #define HAVE_ALLOCA 1
| #define HAVE_STDINT_H 1
| #define HAVE_VA_COPY 1
| #define HAVE_MEMMOVE 1
| #define HAVE_MEMSET 1
| #define HAVE_SETLOCALE 1
| #define HAVE_STRTOL 1
| #define HAVE_GETTIMEOFDAY 1
| #define HAVE_LONG_LONG 1
| #define HAVE_INTMAX_T 1
| #define MPFR_HAVE_INTMAX_MAX 1
| /* end confdefs.h.  */
| 
| #if HAVE_SYS_FPU_H
| #  include <sys/fpu.h>
| #endif
| 
| 
| int
| main (void)
| {
| if (sizeof (union fpc_csr))
| 	 return 0;
|   ;
|   return 0;
| }
configure:6934: result: no
configure:6948: checking for fesetround
configure:6968: gcc -o conftest -Wall -Wmissing-prototypes -Wpointer-arith -g -O2   conftest.c  -lm >&5
configure:6968: $? = 0
configure:6979: result: yes
configure:6988: checking for gcc float-conversion bug
configure:7030: gcc -o conftest -Wall -Wmissing-prototypes -Wpointer-arith -g -O2   conftest.c  -lm >&5
configure:7030: $? = 0
configure:7030: ./conftest
configure:7030: $? = 0
configure:7043: result: no
configure:7050: checking for subnormal numbers
configure:7072: gcc -o conftest -Wall -Wmissing-prototypes -Wpointer-arith -g -O2   conftest.c  >&5
configure:7072: $? = 0
configure:7072: ./conftest
1.112537e-308
configure:7072: $? = 0
configure:7084: result: yes
configure:7092: checking for signed zeros
configure:7111: gcc -o conftest -Wall -Wmissing-prototypes -Wpointer-arith -g -O2   conftest.c  >&5
configure:7111: $? = 0
configure:7111: ./conftest
configure:7111: $? = 0
configure:7123: result: yes
configure:7131: checking if the FP division by 0 fails
configure:7154: gcc -o conftest -Wall -Wmissing-prototypes -Wpointer-arith -g -O2   conftest.c  >&5
configure:7154: $? = 0
configure:7154: ./conftest
configure:7154: $? = 0
configure:7166: result: no
configure:7180: checking if NAN == NAN
configure:7206: gcc -o conftest -Wall -Wmissing-prototypes -Wpointer-arith -g -O2   conftest.c  >&5
configure:7206: $? = 0
configure:7206: ./conftest
configure:7206: $? = 1
configure: program exited with status 1
configure: failed program was:
| /* confdefs.h */
| #define PACKAGE_NAME "MPFR"
| #define PACKAGE_TARNAME "mpfr"
| #define PACKAGE_VERSION "3.1.4"
| #define PACKAGE_STRING "MPFR 3.1.4"
| #define PACKAGE_BUGREPORT ""
| #define PACKAGE_URL ""
| #define HAVE_STDIO_H 1
| #define HAVE_STDLIB_H 1
| #define HAVE_STRING_H 1
| #define HAVE_INTTYPES_H 1
| #define HAVE_STDINT_H 1
| #define HAVE_STRINGS_H 1
| #define HAVE_SYS_STAT_H 1
| #define HAVE_SYS_TYPES_H 1
| #define HAVE_UNISTD_H 1
| #define HAVE_SYS_TIME_H 1
| #define STDC_HEADERS 1
| #define TIME_WITH_SYS_TIME 1
| #define HAVE_LOCALE_H 1
| #define HAVE_WCHAR_H 1
| #define HAVE_STDARG 1
| #define HAVE_SYS_TIME_H 1
| #define HAVE_STRUCT_LCONV_DECIMAL_POINT 1
| #define HAVE_STRUCT_LCONV_THOUSANDS_SEP 1
| #define HAVE_ALLOCA_H 1
| #define HAVE_ALLOCA 1
| #define HAVE_STDINT_H 1
| #define HAVE_VA_COPY 1
| #define HAVE_MEMMOVE 1
| #define HAVE_MEMSET 1
| #define HAVE_SETLOCALE 1
| #define HAVE_STRTOL 1
| #define HAVE_GETTIMEOFDAY 1
| #define HAVE_LONG_LONG 1
| #define HAVE_INTMAX_T 1
| #define MPFR_HAVE_INTMAX_MAX 1
| #define MPFR_HAVE_FESETROUND 1
| #define HAVE_DENORMS 1
| #define HAVE_SIGNEDZ 1
| /* end confdefs.h.  */
| 
| #include <stdio.h>
| #include <math.h>
| #ifndef NAN
| # define NAN (0.0/0.0)
| #endif
| int main (void) {
|   double d;
|   d = NAN;
|   return d != d;
| }
| 
configure:7218: result: no
configure:7246: checking if charset has consecutive values
configure:7277: gcc -o conftest -Wall -Wmissing-prototypes -Wpointer-arith -g -O2   conftest.c  >&5
configure:7277: $? = 0
configure:7277: ./conftest
configure:7277: $? = 0
configure:7279: result: yes
configure:7297: checking for math/round
configure:7315: gcc -o conftest -Wall -Wmissing-prototypes -Wpointer-arith -g -O2   conftest.c  -lm >&5
configure:7315: $? = 0
configure:7318: result: yes
configure:7331: checking for math/trunc
configure:7349: gcc -o conftest -Wall -Wmissing-prototypes -Wpointer-arith -g -O2   conftest.c  -lm >&5
configure:7349: $? = 0
configure:7352: result: yes
configure:7365: checking for math/floor
configure:7383: gcc -o conftest -Wall -Wmissing-prototypes -Wpointer-arith -g -O2   conftest.c  -lm >&5
configure:7383: $? = 0
configure:7386: result: yes
configure:7399: checking for math/ceil
configure:7417: gcc -o conftest -Wall -Wmissing-prototypes -Wpointer-arith -g -O2   conftest.c  -lm >&5
configure:7417: $? = 0
configure:7420: result: yes
configure:7433: checking for math/nearbyint
configure:7451: gcc -o conftest -Wall -Wmissing-prototypes -Wpointer-arith -g -O2   conftest.c  -lm >&5
configure:7451: $? = 0
configure:7454: result: yes
configure:7472: checking for long double
configure:7472: gcc -c -Wall -Wmissing-prototypes -Wpointer-arith -g -O2  conftest.c >&5
configure:7472: $? = 0
configure:7472: gcc -c -Wall -Wmissing-prototypes -Wpointer-arith -g -O2  conftest.c >&5
conftest.c: In function 'main':
conftest.c:78:26: error: expected expression before ')' token
   78 | if (sizeof ((long double)))
      |                          ^
configure:7472: $? = 1
configure: failed program was:
| /* confdefs.h */
| #define PACKAGE_NAME "MPFR"
| #define PACKAGE_TARNAME "mpfr"
| #define PACKAGE_VERSION "3.1.4"
| #define PACKAGE_STRING "MPFR 3.1.4"
| #define PACKAGE_BUGREPORT ""
| #define PACKAGE_URL ""
| #define HAVE_STDIO_H 1
| #define HAVE_STDLIB_H 1
| #define HAVE_STRING_H 1
| #define HAVE_INTTYPES_H 1
| #define HAVE_STDINT_H 1
| #define HAVE_STRINGS_H 1
| #define HAVE_SYS_STAT_H 1
| #define HAVE_SYS_TYPES_H 1
| #define HAVE_UNISTD_H 1
| #define HAVE_SYS_TIME_H 1
| #define STDC_HEADERS 1
| #define TIME_WITH_SYS_TIME 1
| #define HAVE_LOCALE_H 1
| #define HAVE_WCHAR_H 1
| #define HAVE_STDARG 1
| #define HAVE_SYS_TIME_H 1
| #define HAVE_STRUCT_LCONV_DECIMAL_POINT 1
| #define HAVE_STRUCT_LCONV_THOUSANDS_SEP 1
| #define HAVE_ALLOCA_H 1
| #define HAVE_ALLOCA 1
| #define HAVE_STDINT_H 1
| #define HAVE_VA_COPY 1
| #define HAVE_MEMMOVE 1
| #define HAVE_MEMSET 1
| #define HAVE_SETLOCALE 1
| #define HAVE_STRTOL 1
| #define HAVE_GETTIMEOFDAY 1
| #define HAVE_LONG_LONG 1
| #define HAVE_INTMAX_T 1
| #define MPFR_HAVE_INTMAX_MAX 1
| #define MPFR_HAVE_FESETROUND 1
| #define HAVE_DENORMS 1
| #define HAVE_SIGNEDZ 1
| #define HAVE_ROUND 1
| #define HAVE_TRUNC 1
| #define HAVE_FLOOR 1
| #define HAVE_CEIL 1
| #define HAVE_NEARBYINT 1
| /* end confdefs.h.  */
| #include <stddef.h>
| #ifdef HAVE_STDIO_H
| # include <stdio.h>
| #endif
| #ifdef HAVE_STDLIB_H
| # include <stdlib.h>
| #endif
| #ifdef HAVE_STRING_H
| # include <string.h>
| #endif
| #ifdef HAVE_INTTYPES_H
| # include <inttypes.h>
| #endif
| #ifdef HAVE_STDINT_H
| # include <stdint.h>
| #endif
| #ifdef HAVE_STRINGS_H
| # include <strings.h>
| #endif
| #ifdef HAVE_SYS_TYPES_H
| # include <sys/types.h>
| #endif
| #ifdef HAVE_SYS_STAT_H
| # include <sys/stat.h>
| #endif
| #ifdef HAVE_UNISTD_H
| # include <unistd.h>
| #endif
| int
| main (void)
| {
| if (sizeof ((long double)))
| 	    return 0;
|   ;
|   return 0;
| }
configure:7472: result: yes
configure:7481: checking format of `long double' floating point
configure:7509: gcc -Wall -Wmissing-prototypes -Wpointer-arith -g -O2  -c conftest.c >&5 2>&1
configure:7512: $? = 0
configure:7784: result: IEEE double, little endian
configure:7814: WARNING: oops, unrecognised float format: IEEE double, little endian
configure:7829: checking for TLS support using C11
configure:7851: gcc -o conftest -Wall -Wmissing-prototypes -Wpointer-arith -g -O2  -I./src  conftest.c  >&5
configure:7851: $? = 0
configure:7851: ./conftest
configure:7851: $? = 0
configure:7853: result: yes
configure:7937: checking for library containing clock_gettime
configure:7967: gcc -o conftest -Wall -Wmissing-prototypes -Wpointer-arith -g -O2   conftest.c  >&5
configure:7967: $? = 0
configure:7987: result: none required
configure:8004: checking for gmp.h
configure:8012: gcc -c -Wall -Wmissing-prototypes -Wpointer-arith -g -O2  conftest.c >&5
configure:8012: $? = 0
configure:8014: result: yes
configure:8074: checking how to print strings
configure:8101: result: printf
configure:8122: checking for a sed that does not truncate output
configure:8192: result: /usr/bin/sed
configure:8210: checking for fgrep
configure:8278: result: /usr/bin/grep -F
configure:8314: checking for ld used by gcc
configure:8382: result: /usr/bin/ld
configure:8389: checking if the linker (/usr/bin/ld) is GNU ld
configure:8405: result: yes
configure:8417: checking for BSD- or MS-compatible name lister (nm)
configure:8472: result: /usr/bin/nm -B
configure:8612: checking the name lister (/usr/bin/nm -B) interface
configure:8620: gcc -c -Wall -Wmissing-prototypes -Wpointer-arith -g -O2  conftest.c >&5
configure:8623: /usr/bin/nm -B "conftest.o"
configure:8626: output
00000000 B some_variable
configure:8633: result: BSD nm
configure:8636: checking whether ln -s works
configure:8640: result: yes
configure:8648: checking the maximum length of command line arguments
configure:8780: result: 1572864
configure:8828: checking how to convert armv7l-unknown-linux-gnueabihf file names to armv7l-unknown-linux-gnueabihf format
configure:8869: result: func_convert_file_noop
configure:8876: checking how to convert armv7l-unknown-linux-gnueabihf file names to toolchain format
configure:8897: result: func_convert_file_noop
configure:8904: checking for /usr/bin/ld option to reload object files
configure:8912: result: -r
configure:8991: checking for objdump
configure:9012: found /usr/bin/objdump
configure:9023: result: objdump
configure:9052: checking how to recognize dependent libraries
configure:9253: result: pass_all
configure:9343: checking for dlltool
configure:9378: result: no
configure:9405: checking how to associate runtime and link libraries
configure:9433: result: printf %s\n
configure:9567: checking for archiver @FILE support
configure:9585: gcc -c -Wall -Wmissing-prototypes -Wpointer-arith -g -O2  conftest.c >&5
configure:9585: $? = 0
configure:9589: ar cr libconftest.a @conftest.lst >&5
configure:9592: $? = 0
configure:9597: ar cr libconftest.a @conftest.lst >&5
ar: conftest.o: No such file or directory
configure:9600: $? = 1
configure:9612: result: @
configure:9675: checking for strip
configure:9696: found /usr/bin/strip
configure:9707: result: strip
configure:9784: checking for ranlib
configure:9805: found /usr/bin/ranlib
configure:9816: result: ranlib
configure:9918: checking command to parse /usr/bin/nm -B output from gcc object
configure:10072: gcc -c -Wall -Wmissing-prototypes -Wpointer-arith -g -O2  conftest.c >&5
configure:10075: $? = 0
configure:10079: /usr/bin/nm -B conftest.o | sed -n -e 's/^.*[	 ]\([ABCDGIRSTW][ABCDGIRSTW]*\)[	 ][	 ]*\([_A-Za-z][_A-Za-z0-9]*\)$/\1 \2 \2/p' | sed '/ __gnu_lto/d' > conftest.nm
configure:10145: gcc -o conftest -Wall -Wmissing-prototypes -Wpointer-arith -g -O2   conftest.c conftstm.o >&5
configure:10148: $? = 0
configure:10186: result: ok
configure:10233: checking for sysroot
configure:10264: result: no
configure:10271: checking for a working dd
configure:10315: result: /usr/bin/dd
configure:10319: checking how to truncate binary pipes
configure:10335: result: /usr/bin/dd bs=4096 count=1
configure:10672: checking for mt
configure:10693: found /usr/bin/mt
configure:10704: result: mt
configure:10727: checking if mt is a manifest tool
configure:10734: mt '-?'
configure:10742: result: no
configure:11468: checking for dlfcn.h
configure:11468: gcc -c -Wall -Wmissing-prototypes -Wpointer-arith -g -O2  conftest.c >&5
configure:11468: $? = 0
configure:11468: result: yes
configure:12055: checking for objdir
configure:12071: result: .libs
configure:12335: checking if gcc supports -fno-rtti -fno-exceptions
configure:12354: gcc -c -Wall -Wmissing-prototypes -Wpointer-arith -g -O2  -fno-rtti -fno-exceptions conftest.c >&5
cc1: warning: command-line option '-fno-rtti' is valid for C++/D/ObjC++ but not for C
configure:12358: $? = 0
configure:12371: result: no
configure:12735: checking for gcc option to produce PIC
configure:12743: result: -fPIC -DPIC
configure:12751: checking if gcc PIC flag -fPIC -DPIC works
configure:12770: gcc -c -Wall -Wmissing-prototypes -Wpointer-arith -g -O2  -fPIC -DPIC -DPIC conftest.c >&5
configure:12774: $? = 0
configure:12787: result: yes
configure:12816: checking if gcc static flag -static works
configure:12845: result: yes
configure:12860: checking if gcc supports -c -o file.o
configure:12882: gcc -c -Wall -Wmissing-prototypes -Wpointer-arith -g -O2  -o out/conftest2.o conftest.c >&5
configure:12886: $? = 0
configure:12908: result: yes
configure:12916: checking if gcc supports -c -o file.o
configure:12964: result: yes
configure:12997: checking whether the gcc linker (/usr/bin/ld) supports shared libraries
configure:14267: result: yes
configure:14304: checking whether -lc should be explicitly linked in
configure:14313: gcc -c -Wall -Wmissing-prototypes -Wpointer-arith -g -O2  conftest.c >&5
configure:14316: $? = 0
configure:14331: gcc -shared  -fPIC -DPIC conftest.o  -v -Wl,-soname -Wl,conftest -o conftest 2\>\&1 \| /usr/bin/grep  -lc  \>/dev/null 2\>\&1
configure:14334: $? = 0
configure:14348: result: no
configure:14508: checking dynamic linker characteristics
configure:15090: gcc -o conftest -Wall -Wmissing-prototypes -Wpointer-arith -g -O2   -Wl,-rpath -Wl,/foo conftest.c  >&5
configure:15090: $? = 0
configure:15341: result: GNU/Linux ld.so
configure:15463: checking how to hardcode library paths into programs
configure:15488: result: immediate
configure:16040: checking whether stripping libraries is possible
configure:16045: result: yes
configure:16080: checking if libtool supports shared libraries
configure:16082: result: yes
configure:16085: checking whether to build shared libraries
configure:16110: result: yes
configure:16113: checking whether to build static libraries
configure:16117: result: yes
configure:16224: checking whether gcc __attribute__ ((mode (XX))) works
configure:16241: gcc -c -Wall -Wmissing-prototypes -Wpointer-arith -g -O2  conftest.c >&5
configure:16241: $? = 0
configure:16250: result: yes
configure:16261: checking for recent GMP
configure:16273: gcc -c -Wall -Wmissing-prototypes -Wpointer-arith -g -O2  conftest.c >&5
configure:16273: $? = 0
configure:16275: result: yes
configure:16286: checking usable gmp.h at link time
configure:16301: gcc -o conftest -Wall -Wmissing-prototypes -Wpointer-arith -g -O2   conftest.c  >&5
configure:16301: $? = 0
configure:16303: result: yes
configure:16346: checking for GMP_NUMB_BITS and sizeof(mp_limb_t) consistency
configure:16376: gcc -o conftest -Wall -Wmissing-prototypes -Wpointer-arith -g -O2   conftest.c  >&5
configure:16376: $? = 0
configure:16376: ./conftest
configure:16376: $? = 0
configure:16378: result: yes
configure:16394: checking for __gmpz_init in -lgmp
configure:16417: gcc -o conftest -Wall -Wmissing-prototypes -Wpointer-arith -g -O2   conftest.c -lgmp   >&5
configure:16417: $? = 0
configure:16427: result: yes
configure:16438: checking if gmp.h version and libgmp version are the same
configure:16475: gcc -o conftest -Wall -Wmissing-prototypes -Wpointer-arith -g -O2   conftest.c -lgmp  >&5
configure:16475: $? = 0
configure:16475: ./conftest
configure:16475: $? = 0
configure:16477: result: yes
configure:16480: checking for GMP library vs header correctness
configure:16527: gcc -o conftest -Wall -Wmissing-prototypes -Wpointer-arith -g -O2   conftest.c -lgmp  >&5
configure:16527: $? = 0
configure:16527: ./conftest
GMP_NAIL_BITS     = 0
GMP_NUMB_BITS     = 32
mp_bits_per_limb  = 32
sizeof(mp_limb_t) = 4
configure:16527: $? = 0
configure:16539: result: yes
configure:16548: checking for double-to-integer conversion bug
configure:16588: gcc -o conftest -Wall -Wmissing-prototypes -Wpointer-arith -g -O2   conftest.c -lgmp  >&5
configure:16588: $? = 0
configure:16588: ./conftest
configure:16588: $? = 0
configure:16600: result: no
configure:16611: checking if gmp_printf supports "%jd"
configure:16648: gcc -o conftest -Wall -Wmissing-prototypes -Wpointer-arith -g -O2   conftest.c -lgmp  >&5
configure:16648: $? = 0
configure:16648: ./conftest
configure:16648: $? = 0
configure:16650: result: yes
configure:16668: checking if gmp_printf supports "%hhd"
configure:16700: gcc -o conftest -Wall -Wmissing-prototypes -Wpointer-arith -g -O2   conftest.c -lgmp  >&5
configure:16700: $? = 0
configure:16700: ./conftest
configure:16700: $? = 0
configure:16702: result: yes
configure:16719: checking if gmp_printf supports "%lld"
configure:16751: gcc -o conftest -Wall -Wmissing-prototypes -Wpointer-arith -g -O2   conftest.c -lgmp  >&5
configure:16751: $? = 0
configure:16751: ./conftest
configure:16751: $? = 0
configure:16753: result: yes
configure:16770: checking if gmp_printf supports "%Lf"
configure:16802: gcc -o conftest -Wall -Wmissing-prototypes -Wpointer-arith -g -O2   conftest.c -lgmp  >&5
configure:16802: $? = 0
configure:16802: ./conftest
configure:16802: $? = 0
configure:16804: result: yes
configure:16821: checking if gmp_printf supports "%td"
configure:16858: gcc -o conftest -Wall -Wmissing-prototypes -Wpointer-arith -g -O2   conftest.c -lgmp  >&5
configure:16858: $? = 0
configure:16858: ./conftest
configure:16858: $? = 0
configure:16860: result: yes
configure:16919: checking for __gmpn_rootrem
configure:16919: gcc -o conftest -Wall -Wmissing-prototypes -Wpointer-arith -g -O2   conftest.c -lgmp  >&5
configure:16919: $? = 0
configure:16919: result: yes
configure:16925: checking for __gmpn_sbpi1_divappr_q
configure:16925: gcc -o conftest -Wall -Wmissing-prototypes -Wpointer-arith -g -O2   conftest.c -lgmp  >&5
configure:16925: $? = 0
configure:16925: result: yes
configure:17098: checking that generated files are newer than configure
configure:17104: result: done
configure:17131: creating ./config.status

## ---------------------- ##
## Running config.status. ##
## ---------------------- ##

This file was extended by MPFR config.status 3.1.4, which was
generated by GNU Autoconf 2.71.  Invocation command line was

  CONFIG_FILES    = 
  CONFIG_HEADERS  = 
  CONFIG_LINKS    = 
  CONFIG_COMMANDS = 
  $ ./config.status 

on raspberrypi

config.status:1017: creating Makefile
config.status:1017: creating doc/Makefile
config.status:1017: creating src/Makefile
config.status:1017: creating tests/Makefile
config.status:1017: creating tune/Makefile
config.status:1017: creating src/mparam.h
config.status:1189: executing depfiles commands
config.status:1189: executing libtool commands

## ---------------- ##
## Cache variables. ##
## ---------------- ##

ac_cv_build=armv7l-unknown-linux-gnueabihf
ac_cv_c_compiler_gnu=yes
ac_cv_c_const=yes
ac_cv_c_volatile=yes
ac_cv_env_CC_set=
ac_cv_env_CC_value=
ac_cv_env_CFLAGS_set=
ac_cv_env_CFLAGS_value=
ac_cv_env_CPPFLAGS_set=
ac_cv_env_CPPFLAGS_value=
ac_cv_env_CPP_set=
ac_cv_env_CPP_value=
ac_cv_env_LDFLAGS_set=
ac_cv_env_LDFLAGS_value=
ac_cv_env_LIBS_set=
ac_cv_env_LIBS_value=
ac_cv_env_LT_SYS_LIBRARY_PATH_set=
ac_cv_env_LT_SYS_LIBRARY_PATH_value=
ac_cv_env_build_alias_set=
ac_cv_env_build_alias_value=
ac_cv_env_host_alias_set=
ac_cv_env_host_alias_value=
ac_cv_env_target_alias_set=
ac_cv_env_target_alias_value=
ac_cv_func___gmpn_rootrem=yes
ac_cv_func___gmpn_sbpi1_divappr_q=yes
ac_cv_func_alloca_works=yes
ac_cv_func_gettimeofday=yes
ac_cv_func_memmove=yes
ac_cv_func_memset=yes
ac_cv_func_setlocale=yes
ac_cv_func_strtol=yes
ac_cv_header_dlfcn_h=yes
ac_cv_header_float_h=yes
ac_cv_header_inttypes_h=yes
ac_cv_header_limits_h=yes
ac_cv_header_locale_h=yes
ac_cv_header_stdarg_h=yes
ac_cv_header_stdint_h=yes
ac_cv_header_stdio_h=yes
ac_cv_header_stdlib_h=yes
ac_cv_header_string_h=yes
ac_cv_header_strings_h=yes
ac_cv_header_sys_fpu_h=no
ac_cv_header_sys_stat_h=yes
ac_cv_header_sys_time_h=yes
ac_cv_header_sys_types_h=yes
ac_cv_header_unistd_h=yes
ac_cv_header_wchar_h=yes
ac_cv_host=armv7l-unknown-linux-gnueabihf
ac_cv_lib_gmp___gmpz_init=yes
ac_cv_lib_m_main=yes
ac_cv_member_struct_lconv_decimal_point=yes
ac_cv_member_struct_lconv_thousands_sep=yes
ac_cv_objext=o
ac_cv_path_EGREP='/usr/bin/grep -E'
ac_cv_path_FGREP='/usr/bin/grep -F'
ac_cv_path_GREP=/usr/bin/grep
ac_cv_path_SED=/usr/bin/sed
ac_cv_path_install='/usr/bin/install -c'
ac_cv_path_lt_DD=/usr/bin/dd
ac_cv_path_mkdir=/usr/bin/mkdir
ac_cv_prog_AWK=gawk
ac_cv_prog_CPP='gcc -E'
ac_cv_prog_ac_ct_AR=ar
ac_cv_prog_ac_ct_CC=gcc
ac_cv_prog_ac_ct_MANIFEST_TOOL=mt
ac_cv_prog_ac_ct_OBJDUMP=objdump
ac_cv_prog_ac_ct_RANLIB=ranlib
ac_cv_prog_ac_ct_STRIP=strip
ac_cv_prog_cc_c11=
ac_cv_prog_cc_g=yes
ac_cv_prog_cc_stdc=
ac_cv_prog_make_make_set=yes
ac_cv_search_clock_gettime='none required'
ac_cv_type_intmax_t=yes
ac_cv_type_long_double=yes
ac_cv_type_long_long_int=yes
ac_cv_type_size_t=yes
ac_cv_type_union_fpc_csr=no
ac_cv_working_alloca_h=yes
am_cv_CC_dependencies_compiler_type=gcc3
am_cv_ar_interface=ar
am_cv_make_support_nested_variables=yes
am_cv_prog_cc_c_o=yes
gl_cv_size_max=yes
gmp_cv_c_attribute_mode=yes
lt_cv_ar_at_file=@
lt_cv_archive_cmds_need_lc=no
lt_cv_deplibs_check_method=pass_all
lt_cv_file_magic_cmd='$MAGIC_CMD'
lt_cv_file_magic_test_file=
lt_cv_ld_reload_flag=-r
lt_cv_nm_interface='BSD nm'
lt_cv_objdir=.libs
lt_cv_path_LD=/usr/bin/ld
lt_cv_path_NM='/usr/bin/nm -B'
lt_cv_path_mainfest_tool=no
lt_cv_prog_compiler_c_o=yes
lt_cv_prog_compiler_pic='-fPIC -DPIC'
lt_cv_prog_compiler_pic_works=yes
lt_cv_prog_compiler_rtti_exceptions=no
lt_cv_prog_compiler_static_works=yes
lt_cv_prog_gnu_ld=yes
lt_cv_sharedlib_from_linklib_cmd='printf %s\n'
lt_cv_shlibpath_overrides_runpath=yes
lt_cv_sys_global_symbol_pipe='sed -n -e '\''s/^.*[	 ]\([ABCDGIRSTW][ABCDGIRSTW]*\)[	 ][	 ]*\([_A-Za-z][_A-Za-z0-9]*\)$/\1 \2 \2/p'\'' | sed '\''/ __gnu_lto/d'\'''
lt_cv_sys_global_symbol_to_c_name_address='sed -n -e '\''s/^: \(.*\) .*$/  {"\1", (void *) 0},/p'\'' -e '\''s/^[ABCDGIRSTW][ABCDGIRSTW]* .* \(.*\)$/  {"\1", (void *) \&\1},/p'\'''
lt_cv_sys_global_symbol_to_c_name_address_lib_prefix='sed -n -e '\''s/^: \(.*\) .*$/  {"\1", (void *) 0},/p'\'' -e '\''s/^[ABCDGIRSTW][ABCDGIRSTW]* .* \(lib.*\)$/  {"\1", (void *) \&\1},/p'\'' -e '\''s/^[ABCDGIRSTW][ABCDGIRSTW]* .* \(.*\)$/  {"lib\1", (void *) \&\1},/p'\'''
lt_cv_sys_global_symbol_to_cdecl='sed -n -e '\''s/^T .* \(.*\)$/extern int \1();/p'\'' -e '\''s/^[ABCDGIRSTW][ABCDGIRSTW]* .* \(.*\)$/extern char \1;/p'\'''
lt_cv_sys_global_symbol_to_import=
lt_cv_sys_max_cmd_len=1572864
lt_cv_to_host_file_cmd=func_convert_file_noop
lt_cv_to_tool_file_cmd=func_convert_file_noop
lt_cv_truncate_bin='/usr/bin/dd bs=4096 count=1'
mpfr_cv_c_long_double_format='IEEE double, little endian'
mpfr_cv_check_gmp=yes
mpfr_cv_dbl_int_bug=no
mpfr_cv_errdivzero=no
mpfr_cv_gcc_floatconv_bug=no
mpfr_cv_have_denorms=yes
mpfr_cv_have_fesetround=yes
mpfr_cv_have_intmax_max=yes
mpfr_cv_have_signedz=yes
mpfr_cv_nanisnan=no

## ----------------- ##
## Output variables. ##
## ----------------- ##

ACLOCAL='${SHELL} /home/pi/Desktop/CSI/nexmon/buildtools/mpfr-3.1.4/missing aclocal-1.15'
ALLOCA=''
AMDEPBACKSLASH='\'
AMDEP_FALSE='#'
AMDEP_TRUE=''
AMTAR='$${TAR-tar}'
AM_BACKSLASH='\'
AM_DEFAULT_V='$(AM_DEFAULT_VERBOSITY)'
AM_DEFAULT_VERBOSITY='1'
AM_V='$(V)'
AR='ar'
AS='as'
AUTOCONF='${SHELL} /home/pi/Desktop/CSI/nexmon/buildtools/mpfr-3.1.4/missing autoconf'
AUTOHEADER='${SHELL} /home/pi/Desktop/CSI/nexmon/buildtools/mpfr-3.1.4/missing autoheader'
AUTOMAKE='${SHELL} /home/pi/Desktop/CSI/nexmon/buildtools/mpfr-3.1.4/missing automake-1.15'
AWK='gawk'
CC='gcc'
CCDEPMODE='depmode=gcc3'
CFLAGS='-Wall -Wmissing-prototypes -Wpointer-arith -g -O2'
CPP='gcc -E'
CPPFLAGS=''
CYGPATH_W='echo'
DATAFILES=''
DEFS='-DHAVE_STDIO_H=1 -DHAVE_INTTYPES_H=1 -DHAVE_STDINT_H=1 -DHAVE_SYS_TIME_H=1 -DTIME_WITH_SYS_TIME=1 -DHAVE_LOCALE_H=1 -DHAVE_WCHAR_H=1 -DHAVE_STDARG=1 -DHAVE_SYS_TIME_H=1 -DHAVE_STRUCT_LCONV_DECIMAL_POINT=1 -DHAVE_STRUCT_LCONV_THOUSANDS_SEP=1 -DHAVE_ALLOCA_H=1 -DHAVE_STDINT_H=1 -DHAVE_VA_COPY=1 -DHAVE_SETLOCALE=1 -DHAVE_GETTIMEOFDAY=1 -DHAVE_LONG_LONG=1 -DHAVE_INTMAX_T=1 -DMPFR_HAVE_INTMAX_MAX=1 -DMPFR_HAVE_FESETROUND=1 -DHAVE_DENORMS=1 -DHAVE_SIGNEDZ=1 -DHAVE_ROUND=1 -DHAVE_TRUNC=1 -DHAVE_FLOOR=1 -DHAVE_CEIL=1 -DHAVE_NEARBYINT=1 -DMPFR_USE_THREAD_SAFE=1 -DMPFR_USE_C11_THREAD_SAFE=1 -DHAVE_CLOCK_GETTIME=1 -DLT_OBJDIR=\".libs/\" -DHAVE_ATTRIBUTE_MODE=1 -DHAVE___GMPN_ROOTREM=1 -DHAVE___GMPN_SBPI1_DIVAPPR_Q=1'
DEPDIR='.deps'
DLLTOOL='false'
DSYMUTIL=''
DUMPBIN=''
ECHO_C=''
ECHO_N='-n'
ECHO_T=''
EGREP='/usr/bin/grep -E'
EXEEXT=''
FGREP='/usr/bin/grep -F'
GREP='/usr/bin/grep'
INSTALL_DATA='${INSTALL} -m 644'
INSTALL_PROGRAM='${INSTALL}'
INSTALL_SCRIPT='${INSTALL}'
INSTALL_STRIP_PROGRAM='$(install_sh) -c -s'
LD='/usr/bin/ld'
LDFLAGS=''
LIBMPFR_LDFLAGS=''
LIBOBJS=''
LIBS='-lgmp '
LIBTOOL='$(SHELL) $(top_builddir)/libtool'
LIPO=''
LN_S='ln -s'
LTLIBOBJS=''
LT_SYS_LIBRARY_PATH=''
MAINT=''
MAINTAINER_MODE_FALSE='#'
MAINTAINER_MODE_TRUE=''
MAKEINFO='${SHELL} /home/pi/Desktop/CSI/nexmon/buildtools/mpfr-3.1.4/missing makeinfo'
MANIFEST_TOOL=':'
MKDIR_P='/usr/bin/mkdir -p'
MPFR_LDFLAGS=''
MPFR_LIBM='-lm'
NM='/usr/bin/nm -B'
NMEDIT=''
OBJDUMP='objdump'
OBJEXT='o'
OTOOL64=''
OTOOL=''
PACKAGE='mpfr'
PACKAGE_BUGREPORT=''
PACKAGE_NAME='MPFR'
PACKAGE_STRING='MPFR 3.1.4'
PACKAGE_TARNAME='mpfr'
PACKAGE_URL=''
PACKAGE_VERSION='3.1.4'
PATH_SEPARATOR=':'
RANLIB='ranlib'
SED='/usr/bin/sed'
SET_MAKE=''
SHELL='/bin/bash'
STRIP='strip'
TUNE_LIBS=''
VERSION='3.1.4'
ac_ct_AR='ar'
ac_ct_CC='gcc'
ac_ct_DUMPBIN=''
am__EXEEXT_FALSE=''
am__EXEEXT_TRUE='#'
am__fastdepCC_FALSE='#'
am__fastdepCC_TRUE=''
am__include='include'
am__isrc=''
am__leading_dot='.'
am__nodep='_no'
am__quote=''
am__tar='$${TAR-tar} chof - "$$tardir"'
am__untar='$${TAR-tar} xf -'
bindir='${exec_prefix}/bin'
build='armv7l-unknown-linux-gnueabihf'
build_alias=''
build_cpu='armv7l'
build_os='linux-gnueabihf'
build_vendor='unknown'
datadir='${datarootdir}'
datarootdir='${prefix}/share'
docdir='${datarootdir}/doc/${PACKAGE_TARNAME}'
dvidir='${docdir}'
exec_prefix='${prefix}'
host='armv7l-unknown-linux-gnueabihf'
host_alias=''
host_cpu='armv7l'
host_os='linux-gnueabihf'
host_vendor='unknown'
htmldir='${docdir}'
includedir='${prefix}/include'
infodir='${datarootdir}/info'
install_sh='${SHELL} /home/pi/Desktop/CSI/nexmon/buildtools/mpfr-3.1.4/install-sh'
libdir='${exec_prefix}/lib'
libexecdir='${exec_prefix}/libexec'
localedir='${datarootdir}/locale'
localstatedir='${prefix}/var'
mandir='${datarootdir}/man'
mkdir_p='$(MKDIR_P)'
oldincludedir='/usr/include'
pdfdir='${docdir}'
prefix='/usr/local'
program_transform_name='s,x,x,'
psdir='${docdir}'
runstatedir='${localstatedir}/run'
sbindir='${exec_prefix}/sbin'
sharedstatedir='${prefix}/com'
sysconfdir='${prefix}/etc'
target_alias=''

## ----------- ##
## confdefs.h. ##
## ----------- ##

/* confdefs.h */
#define HAVE_STDIO_H 1
#define HAVE_INTTYPES_H 1
#define HAVE_STDINT_H 1
#define HAVE_SYS_TIME_H 1
#define TIME_WITH_SYS_TIME 1
#define HAVE_LOCALE_H 1
#define HAVE_WCHAR_H 1
#define HAVE_STDARG 1
#define HAVE_SYS_TIME_H 1
#define HAVE_STRUCT_LCONV_DECIMAL_POINT 1
#define HAVE_STRUCT_LCONV_THOUSANDS_SEP 1
#define HAVE_ALLOCA_H 1
#define HAVE_STDINT_H 1
#define HAVE_VA_COPY 1
#define HAVE_SETLOCALE 1
#define HAVE_GETTIMEOFDAY 1
#define HAVE_LONG_LONG 1
#define HAVE_INTMAX_T 1
#define MPFR_HAVE_INTMAX_MAX 1
#define MPFR_HAVE_FESETROUND 1
#define HAVE_DENORMS 1
#define HAVE_SIGNEDZ 1
#define HAVE_ROUND 1
#define HAVE_TRUNC 1
#define HAVE_FLOOR 1
#define HAVE_CEIL 1
#define HAVE_NEARBYINT 1
#define MPFR_USE_THREAD_SAFE 1
#define MPFR_USE_C11_THREAD_SAFE 1
#define HAVE_CLOCK_GETTIME 1
#define LT_OBJDIR ".libs/"
#define HAVE_ATTRIBUTE_MODE 1
#define HAVE___GMPN_ROOTREM 1
#define HAVE___GMPN_SBPI1_DIVAPPR_Q 1

configure: exit 0
